Arguments: 
  C:\Program Files\nodejs\node.exe C:\Users\ciaki\AppData\Roaming\npm\node_modules\yarn\bin\yarn.js install

PATH: 
  C:\Program Files\Python38\Scripts\;C:\Program Files\Python38\;C:\Windows\system32;C:\Windows;C:\Windows\System32\Wbem;C:\Windows\System32\WindowsPowerShell\v1.0\;C:\Windows\System32\OpenSSH\;C:\Program Files\dotnet\;C:\Program Files\Microsoft SQL Server\130\Tools\Binn\;C:\Program Files\Git\cmd;C:\Program Files\nodejs\;C:\Program Files (x86)\Microsoft SQL Server\150\DTS\Binn\;C:\Program Files\Azure Data Studio\bin;C:\Program Files\Microsoft SQL Server\Client SDK\ODBC\170\Tools\Binn\;C:\Program Files (x86)\Microsoft SQL Server\150\Tools\Binn\;C:\Program Files\Microsoft SQL Server\150\Tools\Binn\;C:\Program Files\Microsoft SQL Server\150\DTS\Binn\;C:\Program Files\Docker\Docker\resources\bin;C:\ProgramData\DockerDesktop\version-bin;C:\Users\ciaki\AppData\Local\Microsoft\WindowsApps;C:\Users\ciaki\AppData\Local\Programs\Microsoft VS Code\bin;C:\Users\ciaki\AppData\Local\GitHubDesktop\bin;C:\Users\ciaki\AppData\Roaming\npm;C:\Users\ciaki\Ffmpeg;C:\Program Files\Azure Data Studio\bin;C:\Users\ciaki\AppData\Local\flutter\bin;C:\Users\ciaki\AppData\Local\flutter\bin;C:\Users\ciaki\.dotnet\tools

Yarn version: 
  1.22.18

Node version: 
  16.14.2

Platform: 
  win32 x64

Trace: 
  Error: https://registry.yarnpkg.com/@mui/icons-material/-/icons-material-5.8.4.tgz: ESOCKETTIMEDOUT
      at ClientRequest.<anonymous> (C:\Users\ciaki\AppData\Roaming\npm\node_modules\yarn\lib\cli.js:141510:19)
      at Object.onceWrapper (node:events:645:28)
      at ClientRequest.emit (node:events:526:28)
      at TLSSocket.emitRequestTimeout (node:_http_client:758:9)
      at Object.onceWrapper (node:events:645:28)
      at TLSSocket.emit (node:events:538:35)
      at TLSSocket.Socket._onTimeout (node:net:501:8)
      at listOnTimeout (node:internal/timers:559:17)
      at processTimers (node:internal/timers:502:7)

npm manifest: 
  {
    "name": "client",
    "version": "0.1.0",
    "private": true,
    "dependencies": {
      "@emotion/react": "^11.9.3",
      "@emotion/styled": "^11.9.3",
      "@mui/icons-material": "^5.8.4",
      "@mui/material": "^5.9.2",
      "@mui/styles": "^5.9.2",
      "@testing-library/jest-dom": "^5.16.4",
      "@testing-library/react": "^13.3.0",
      "@testing-library/user-event": "^13.5.0",
      "apexcharts": "^3.35.4",
      "axios": "^0.27.2",
      "leaflet": "^1.8.0",
      "moment": "^2.29.4",
      "mui-datatables": "^4.2.2",
      "react": "^18.2.0",
      "react-apexcharts": "^1.4.0",
      "react-dom": "^18.2.0",
      "react-leaflet": "^4.0.1",
      "react-redux": "^8.0.2",
      "react-router-dom": "^6.3.0",
      "react-scripts": "5.0.1",
      "redux": "^4.2.0",
      "redux-thunk": "^2.4.1"
    },
    "scripts": {
      "start": "react-scripts start",
      "build": "react-scripts build",
      "test": "react-scripts test",
      "eject": "react-scripts eject"
    },
    "eslintConfig": {
      "extends": [
        "react-app",
        "react-app/jest"
      ]
    },
    "browserslist": {
      "production": [
        ">0.2%",
        "not dead",
        "not op_mini all"
      ],
      "development": [
        "last 1 chrome version",
        "last 1 firefox version",
        "last 1 safari version"
      ]
    }
  }

yarn manifest: 
  No manifest

Lockfile: 
  No lockfile
